<?xml version="1.0" encoding="UTF-8"?>
<testng-results ignored="0" total="4" passed="4" failed="0" skipped="0">
  <reporter-output>
  </reporter-output>
  <suite started-at="2022-11-02T20:30:21 IST" name="Default suite" finished-at="2022-11-02T20:30:41 IST" duration-ms="20791">
    <groups>
    </groups>
    <test started-at="2022-11-02T20:30:21 IST" name="Default test" finished-at="2022-11-02T20:30:41 IST" duration-ms="20791">
      <class name="com.mycompany.app.DPTest">
        <test-method signature="f(java.lang.String,java.lang.String)[pri:0, instance:com.mycompany.app.DPTest@67c27493]" started-at="2022-11-02T20:30:21 IST" name="f" data-provider="dp" finished-at="2022-11-02T20:30:41 IST" duration-ms="20490" status="PASS">
          <params>
            <param index="0">
              <value>
                <![CDATA[9423111564]]>
              </value>
            </param>
            <param index="1">
              <value>
                <![CDATA[123456543]]>
              </value>
            </param>
          </params>
          <reporter-output>
          </reporter-output>
        </test-method> <!-- f -->
        <test-method signature="f(java.lang.String,java.lang.String)[pri:0, instance:com.mycompany.app.DPTest@67c27493]" started-at="2022-11-02T20:30:21 IST" name="f" data-provider="dp" finished-at="2022-11-02T20:30:41 IST" duration-ms="20091" status="PASS">
          <params>
            <param index="0">
              <value>
                <![CDATA[8830158607]]>
              </value>
            </param>
            <param index="1">
              <value>
                <![CDATA[5432456234]]>
              </value>
            </param>
          </params>
          <reporter-output>
          </reporter-output>
        </test-method> <!-- f -->
        <test-method signature="f(java.lang.String,java.lang.String)[pri:0, instance:com.mycompany.app.DPTest@67c27493]" started-at="2022-11-02T20:30:21 IST" name="f" data-provider="dp" finished-at="2022-11-02T20:30:41 IST" duration-ms="20615" status="PASS">
          <params>
            <param index="0">
              <value>
                <![CDATA[ravinangre]]>
              </value>
            </param>
            <param index="1">
              <value>
                <![CDATA[5432456234]]>
              </value>
            </param>
          </params>
          <reporter-output>
          </reporter-output>
        </test-method> <!-- f -->
        <test-method signature="f(java.lang.String,java.lang.String)[pri:0, instance:com.mycompany.app.DPTest@67c27493]" started-at="2022-11-02T20:30:21 IST" name="f" data-provider="dp" finished-at="2022-11-02T20:30:41 IST" duration-ms="20686" status="PASS">
          <params>
            <param index="0">
              <value>
                <![CDATA[ravinangre@gmail.com]]>
              </value>
            </param>
            <param index="1">
              <value>
                <![CDATA[5432456234]]>
              </value>
            </param>
          </params>
          <reporter-output>
          </reporter-output>
        </test-method> <!-- f -->
      </class> <!-- com.mycompany.app.DPTest -->
    </test> <!-- Default test -->
  </suite> <!-- Default suite -->
</testng-results>
