<?xml version="1.0" encoding="UTF-8"?>
<!-- Generated by org.testng.reporters.JUnitXMLReporter -->
<testsuite ignored="0" hostname="LAPTOP-IKS9SD1L" failures="0" tests="4" name="Default test" time="20.791" errors="0" timestamp="2022-11-02T20:30:41 IST">
  <testcase classname="com.mycompany.app.DPTest" name="f" time="20.091"/>
  <testcase classname="com.mycompany.app.DPTest" name="f" time="20.49"/>
  <testcase classname="com.mycompany.app.DPTest" name="f" time="20.615"/>
  <testcase classname="com.mycompany.app.DPTest" name="f" time="20.686"/>
</testsuite> <!-- Default test -->
